<?xml version="1.0" encoding="UTF-8"?>
<robot generator="Robot 6.0.2 (Python 3.11.1 on win32)" generated="20230206 11:35:53.535" rpa="false" schemaversion="3">
<suite id="s1" name="Payment test" source="C:\Caption_Project\2__AddtoCart_Suite\02__Payment_test.robot">
<test id="s1-t1" name="Add to Cart" line="12">
<kw name="Launch Browser And Navigate To Url" library="common_functionalities" type="SETUP">
<kw name="Open Browser" library="SeleniumLibrary">
<arg>browser=${BROWSER_NAME}</arg>
<doc>Opens a new browser instance to the optional ``url``.</doc>
<msg timestamp="20230206 11:35:53.852" level="INFO">Opening browser 'chrome' to base url 'None'.</msg>
<status status="PASS" starttime="20230206 11:35:53.852" endtime="20230206 11:35:55.580"/>
</kw>
<kw name="Maximize Browser Window" library="SeleniumLibrary">
<doc>Maximizes current browser window.</doc>
<status status="PASS" starttime="20230206 11:35:55.581" endtime="20230206 11:35:55.724"/>
</kw>
<kw name="Set Selenium Implicit Wait" library="SeleniumLibrary">
<arg>30s</arg>
<doc>Sets the implicit wait value used by Selenium.</doc>
<status status="PASS" starttime="20230206 11:35:55.725" endtime="20230206 11:35:55.727"/>
</kw>
<kw name="Go To" library="SeleniumLibrary">
<arg>url=${URL}</arg>
<doc>Navigates the current browser window to the provided ``url``.</doc>
<msg timestamp="20230206 11:35:55.728" level="INFO">Opening url 'https://www.chumbak.com/'</msg>
<status status="PASS" starttime="20230206 11:35:55.727" endtime="20230206 11:36:01.399"/>
</kw>
<status status="PASS" starttime="20230206 11:35:53.851" endtime="20230206 11:36:01.400"/>
</kw>
<kw name="Click Element" library="SeleniumLibrary">
<arg>id=user_6_</arg>
<doc>Click the element identified by ``locator``.</doc>
<msg timestamp="20230206 11:36:01.402" level="INFO">Clicking element 'id=user_6_'.</msg>
<status status="PASS" starttime="20230206 11:36:01.401" endtime="20230206 11:36:01.522"/>
</kw>
<kw name="Click Element" library="SeleniumLibrary">
<arg>link=Login</arg>
<doc>Click the element identified by ``locator``.</doc>
<msg timestamp="20230206 11:36:01.523" level="INFO">Clicking element 'link=Login'.</msg>
<status status="PASS" starttime="20230206 11:36:01.522" endtime="20230206 11:36:05.150"/>
</kw>
<kw name="Input Text" library="SeleniumLibrary">
<arg>name=customer[email]</arg>
<arg>aparnamohanan@gmail.com</arg>
<doc>Types the given ``text`` into the text field identified by ``locator``.</doc>
<msg timestamp="20230206 11:36:05.152" level="INFO">Typing text 'aparnamohanan@gmail.com' into text field 'name=customer[email]'.</msg>
<status status="PASS" starttime="20230206 11:36:05.151" endtime="20230206 11:36:05.441"/>
</kw>
<kw name="Input Text" library="SeleniumLibrary">
<arg>name=customer[password]</arg>
<arg>aparna_123</arg>
<doc>Types the given ``text`` into the text field identified by ``locator``.</doc>
<msg timestamp="20230206 11:36:05.443" level="INFO">Typing text 'aparna_123' into text field 'name=customer[password]'.</msg>
<status status="PASS" starttime="20230206 11:36:05.441" endtime="20230206 11:36:05.761"/>
</kw>
<kw name="Click Element" library="SeleniumLibrary">
<arg>xpath=//button[text()='Login']</arg>
<doc>Click the element identified by ``locator``.</doc>
<msg timestamp="20230206 11:36:05.762" level="INFO">Clicking element 'xpath=//button[text()='Login']'.</msg>
<status status="PASS" starttime="20230206 11:36:05.761" endtime="20230206 11:36:09.473"/>
</kw>
<kw name="Click Element" library="SeleniumLibrary">
<arg>xpath=//a[@class='Button Button--primary']</arg>
<doc>Click the element identified by ``locator``.</doc>
<msg timestamp="20230206 11:36:09.474" level="INFO">Clicking element 'xpath=//a[@class='Button Button--primary']'.</msg>
<status status="PASS" starttime="20230206 11:36:09.474" endtime="20230206 11:36:11.752"/>
</kw>
<kw name="Click Element" library="SeleniumLibrary">
<arg>xpath=//button[contains(normalize-space(),'Add a new address')]</arg>
<doc>Click the element identified by ``locator``.</doc>
<msg timestamp="20230206 11:36:11.754" level="INFO">Clicking element 'xpath=//button[contains(normalize-space(),'Add a new address')]'.</msg>
<status status="PASS" starttime="20230206 11:36:11.753" endtime="20230206 11:36:11.962"/>
</kw>
<kw name="Input Text" library="SeleniumLibrary">
<arg>name=address[first_name]</arg>
<arg>Aparna</arg>
<doc>Types the given ``text`` into the text field identified by ``locator``.</doc>
<msg timestamp="20230206 11:36:11.964" level="INFO">Typing text 'Aparna' into text field 'name=address[first_name]'.</msg>
<status status="PASS" starttime="20230206 11:36:11.963" endtime="20230206 11:36:12.251"/>
</kw>
<kw name="Input Text" library="SeleniumLibrary">
<arg>name=address[last_name]</arg>
<arg>Mohanan</arg>
<doc>Types the given ``text`` into the text field identified by ``locator``.</doc>
<msg timestamp="20230206 11:36:12.252" level="INFO">Typing text 'Mohanan' into text field 'name=address[last_name]'.</msg>
<status status="PASS" starttime="20230206 11:36:12.251" endtime="20230206 11:36:12.397"/>
</kw>
<kw name="Input Text" library="SeleniumLibrary">
<arg>name=address[company]</arg>
<arg>APMO</arg>
<doc>Types the given ``text`` into the text field identified by ``locator``.</doc>
<msg timestamp="20230206 11:36:12.398" level="INFO">Typing text 'APMO' into text field 'name=address[company]'.</msg>
<status status="PASS" starttime="20230206 11:36:12.398" endtime="20230206 11:36:12.530"/>
</kw>
<kw name="Input Text" library="SeleniumLibrary">
<arg>name=address[phone]</arg>
<arg>9087654395</arg>
<doc>Types the given ``text`` into the text field identified by ``locator``.</doc>
<msg timestamp="20230206 11:36:12.531" level="INFO">Typing text '9087654395' into text field 'name=address[phone]'.</msg>
<status status="PASS" starttime="20230206 11:36:12.530" endtime="20230206 11:36:12.674"/>
</kw>
<kw name="Input Text" library="SeleniumLibrary">
<arg>name=address[address1]</arg>
<arg>Peruvilai</arg>
<doc>Types the given ``text`` into the text field identified by ``locator``.</doc>
<msg timestamp="20230206 11:36:12.675" level="INFO">Typing text 'Peruvilai' into text field 'name=address[address1]'.</msg>
<status status="PASS" starttime="20230206 11:36:12.675" endtime="20230206 11:36:12.818"/>
</kw>
<kw name="Input Text" library="SeleniumLibrary">
<arg>name=address[address2]</arg>
<arg>kanyakumari</arg>
<doc>Types the given ``text`` into the text field identified by ``locator``.</doc>
<msg timestamp="20230206 11:36:12.819" level="INFO">Typing text 'kanyakumari' into text field 'name=address[address2]'.</msg>
<status status="PASS" starttime="20230206 11:36:12.818" endtime="20230206 11:36:12.982"/>
</kw>
<kw name="Input Text" library="SeleniumLibrary">
<arg>name=address[city]</arg>
<arg>Nagercoil</arg>
<doc>Types the given ``text`` into the text field identified by ``locator``.</doc>
<msg timestamp="20230206 11:36:12.983" level="INFO">Typing text 'Nagercoil' into text field 'name=address[city]'.</msg>
<status status="PASS" starttime="20230206 11:36:12.982" endtime="20230206 11:36:13.133"/>
</kw>
<kw name="Select From List By Label" library="SeleniumLibrary">
<arg>name=address[country]</arg>
<arg>India</arg>
<doc>Selects options from selection list ``locator`` by ``labels``.</doc>
<msg timestamp="20230206 11:36:13.135" level="INFO">Selecting options from selection list 'name=address[country]' by label India.</msg>
<status status="PASS" starttime="20230206 11:36:13.134" endtime="20230206 11:36:13.206"/>
</kw>
<kw name="Input Text" library="SeleniumLibrary">
<arg>name=address[zip]</arg>
<arg>629008</arg>
<doc>Types the given ``text`` into the text field identified by ``locator``.</doc>
<msg timestamp="20230206 11:36:13.208" level="INFO">Typing text '629008' into text field 'name=address[zip]'.</msg>
<status status="PASS" starttime="20230206 11:36:13.207" endtime="20230206 11:36:13.355"/>
</kw>
<kw name="Select From List By Label" library="SeleniumLibrary">
<arg>name=address[province]</arg>
<arg>Tamil Nadu</arg>
<doc>Selects options from selection list ``locator`` by ``labels``.</doc>
<msg timestamp="20230206 11:36:13.356" level="INFO">Selecting options from selection list 'name=address[province]' by label Tamil Nadu.</msg>
<status status="PASS" starttime="20230206 11:36:13.355" endtime="20230206 11:36:13.491"/>
</kw>
<kw name="Click Element" library="SeleniumLibrary">
<arg>xpath=//input[@class='Form__Checkbox']</arg>
<doc>Click the element identified by ``locator``.</doc>
<msg timestamp="20230206 11:36:13.493" level="INFO">Clicking element 'xpath=//input[@class='Form__Checkbox']'.</msg>
<status status="PASS" starttime="20230206 11:36:13.491" endtime="20230206 11:36:13.576"/>
</kw>
<kw name="Click Element" library="SeleniumLibrary">
<arg>xpath=//button[@class='Form__Submit Button Button--primary Button--full']</arg>
<doc>Click the element identified by ``locator``.</doc>
<msg timestamp="20230206 11:36:13.577" level="INFO">Clicking element 'xpath=//button[@class='Form__Submit Button Button--primary Button--full']'.</msg>
<status status="PASS" starttime="20230206 11:36:13.576" endtime="20230206 11:36:16.380"/>
</kw>
<kw name="Click Element" library="SeleniumLibrary">
<arg>xpath=//a[@aria-label='Open cart']</arg>
<doc>Click the element identified by ``locator``.</doc>
<msg timestamp="20230206 11:36:16.382" level="INFO">Clicking element 'xpath=//a[@aria-label='Open cart']'.</msg>
<msg timestamp="20230206 11:36:46.586" level="INFO" html="true">&lt;/td&gt;&lt;/tr&gt;&lt;tr&gt;&lt;td colspan="3"&gt;&lt;a href="selenium-screenshot-1.png"&gt;&lt;img src="selenium-screenshot-1.png" width="800px"&gt;&lt;/a&gt;</msg>
<msg timestamp="20230206 11:36:46.588" level="FAIL">Element with locator 'xpath=//a[@aria-label='Open cart']' not found.</msg>
<status status="FAIL" starttime="20230206 11:36:16.381" endtime="20230206 11:36:46.598"/>
</kw>
<kw name="Get WebElement" library="SeleniumLibrary">
<var>${continue}</var>
<arg>xpath=//a[@class='continue-shopping Button Button--primary Button--full']</arg>
<doc>Returns the first WebElement matching the given ``locator``.</doc>
<status status="NOT RUN" starttime="20230206 11:36:46.598" endtime="20230206 11:36:46.598"/>
</kw>
<kw name="Execute Javascript" library="SeleniumLibrary">
<arg>arguments[0].click()</arg>
<arg>ARGUMENTS</arg>
<arg>${continue}</arg>
<doc>Executes the given JavaScript code with possible arguments.</doc>
<status status="NOT RUN" starttime="20230206 11:36:46.598" endtime="20230206 11:36:46.599"/>
</kw>
<kw name="Click Element" library="SeleniumLibrary">
<arg>xpath=(//a[contains(normalize-space(),'Sale')])[2]</arg>
<doc>Click the element identified by ``locator``.</doc>
<status status="NOT RUN" starttime="20230206 11:36:46.599" endtime="20230206 11:36:46.599"/>
</kw>
<kw name="Click Element" library="SeleniumLibrary">
<arg>id=AddToCart</arg>
<doc>Click the element identified by ``locator``.</doc>
<status status="NOT RUN" starttime="20230206 11:36:46.599" endtime="20230206 11:36:46.600"/>
</kw>
<kw name="Click Element" library="SeleniumLibrary">
<arg>xpath=//*[normalize-space()='Checkout']</arg>
<doc>Click the element identified by ``locator``.</doc>
<status status="NOT RUN" starttime="20230206 11:36:46.600" endtime="20230206 11:36:46.601"/>
</kw>
<kw name="Click Element" library="SeleniumLibrary">
<arg>xpath=//button[@class='step__footer__continue-btn btn']</arg>
<doc>Click the element identified by ``locator``.</doc>
<status status="NOT RUN" starttime="20230206 11:36:46.601" endtime="20230206 11:36:46.602"/>
</kw>
<kw name="Page Should Contain" library="SeleniumLibrary">
<arg>Shipping method</arg>
<doc>Verifies that current page contains ``text``.</doc>
<status status="NOT RUN" starttime="20230206 11:36:46.602" endtime="20230206 11:36:46.603"/>
</kw>
<kw name="Element Should Contain" library="SeleniumLibrary">
<arg>xpath=//p[contains(text(),'This pincode is not serviceable for this Product')]</arg>
<arg>This pincode is not serviceable for this Product Flower Owl Sling Bag</arg>
<doc>Verifies that element ``locator`` contains text ``expected``.</doc>
<status status="NOT RUN" starttime="20230206 11:36:46.604" endtime="20230206 11:36:46.605"/>
</kw>
<kw name="Sleep" library="BuiltIn">
<arg>5s</arg>
<doc>Pauses the test executed for the given time.</doc>
<status status="NOT RUN" starttime="20230206 11:36:46.605" endtime="20230206 11:36:46.606"/>
</kw>
<kw name="Close Browser" library="SeleniumLibrary" type="TEARDOWN">
<doc>Closes the current browser.</doc>
<status status="PASS" starttime="20230206 11:36:46.607" endtime="20230206 11:36:48.963"/>
</kw>
<status status="FAIL" starttime="20230206 11:35:53.851" endtime="20230206 11:36:48.964">Element with locator 'xpath=//a[@aria-label='Open cart']' not found.</status>
</test>
<doc>This file contains test case related to adding address and checking out
important note : it is advisable to place the cursor at any place that doesn't interrupt the site activity
As while placing the cursor when chumbak site is processing,it may mouse over on some categories and will interrupt your process</doc>
<status status="FAIL" starttime="20230206 11:35:53.538" endtime="20230206 11:36:48.965"/>
</suite>
<statistics>
<total>
<stat pass="0" fail="1" skip="0">All Tests</stat>
</total>
<tag>
</tag>
<suite>
<stat pass="0" fail="1" skip="0" id="s1" name="Payment test">Payment test</stat>
</suite>
</statistics>
<errors>
</errors>
</robot>
